<?xml version="1.0" encoding="UTF-8" standalone="no"?>
<!DOCTYPE log SYSTEM "logger.dtd">
<log>
<record>
  <date>2015-08-25T10:52:49</date>
  <millis>1440492769560</millis>
  <sequence>0</sequence>
  <logger>jMetal</logger>
  <level>SEVERE</level>
  <class>org.uma.jmetal.util.JMetalException</class>
  <method>&lt;init&gt;</method>
  <thread>1</thread>
  <message>Class.forName() did not recognized the name of the class</message>
  <exception>
    <message>java.lang.ClassNotFoundException: org.uma.jmetal.problem.multiobjective.dtlz.DTLZ1</message>
    <frame>
      <class>java.net.URLClassLoader$1</class>
      <method>run</method>
      <line>366</line>
    </frame>
    <frame>
      <class>java.net.URLClassLoader$1</class>
      <method>run</method>
      <line>355</line>
    </frame>
    <frame>
      <class>java.security.AccessController</class>
      <method>doPrivileged</method>
    </frame>
    <frame>
      <class>java.net.URLClassLoader</class>
      <method>findClass</method>
      <line>354</line>
    </frame>
    <frame>
      <class>java.lang.ClassLoader</class>
      <method>loadClass</method>
      <line>425</line>
    </frame>
    <frame>
      <class>sun.misc.Launcher$AppClassLoader</class>
      <method>loadClass</method>
      <line>308</line>
    </frame>
    <frame>
      <class>java.lang.ClassLoader</class>
      <method>loadClass</method>
      <line>358</line>
    </frame>
    <frame>
      <class>java.lang.Class</class>
      <method>forName0</method>
    </frame>
    <frame>
      <class>java.lang.Class</class>
      <method>forName</method>
      <line>191</line>
    </frame>
    <frame>
      <class>org.uma.jmetal.util.ProblemUtils</class>
      <method>loadProblem</method>
      <line>20</line>
    </frame>
    <frame>
      <class>org.uma.jmetal.runner.multiobjective.NSGAIIIRunner</class>
      <method>main</method>
      <line>67</line>
    </frame>
  </exception>
</record>
</log>
